TN:
SF:/app/abstract-char-buffer.js
FNF:0
FNH:0
DA:1,5
LF:1
LH:1
BRF:0
BRH:0
end_of_record
TN:
SF:/app/node-buffer.js
FNF:0
FNH:0
DA:1,2
LF:1
LH:1
BRF:0
BRH:0
end_of_record
TN:
SF:/app/string-array-buffer.js
FNF:0
FNH:0
DA:1,1
LF:1
LH:1
BRF:0
BRH:0
end_of_record
TN:
SF:/app/string-buffer.js
FNF:0
FNH:0
DA:1,1
LF:1
LH:1
BRF:0
BRH:0
end_of_record
TN:
SF:/app/typed-array-buffer.js
FNF:0
FNH:0
DA:1,1
LF:1
LH:1
BRF:0
BRH:0
end_of_record
TN:
SF:/app/src/abstract-char-buffer.ts
FN:4,(anonymous_0)
FN:18,AbstractCharBuffer
FN:10,(anonymous_2)
FN:47,(anonymous_3)
FN:67,(anonymous_4)
FN:77,(anonymous_5)
FN:86,(anonymous_6)
FN:98,(anonymous_7)
FN:109,(anonymous_8)
FN:126,(anonymous_9)
FN:144,(anonymous_10)
FN:152,(anonymous_11)
FNF:12
FNH:11
FNDA:5,(anonymous_0)
FNDA:180,AbstractCharBuffer
FNDA:0,(anonymous_2)
FNDA:80,(anonymous_3)
FNDA:790574,(anonymous_4)
FNDA:40,(anonymous_5)
FNDA:2212984,(anonymous_6)
FNDA:790619,(anonymous_7)
FNDA:15,(anonymous_8)
FNDA:50,(anonymous_9)
FNDA:40,(anonymous_10)
FNDA:45,(anonymous_11)
DA:4,5
DA:10,5
DA:19,180
DA:20,5
DA:23,175
DA:47,5
DA:48,80
DA:51,80
DA:52,40
DA:53,790340
DA:56,40
DA:57,790340
DA:61,80
DA:67,5
DA:68,790574
DA:78,40
DA:86,5
DA:87,2212984
DA:98,5
DA:99,790619
DA:109,5
DA:110,15
DA:111,5
DA:114,10
DA:115,20
DA:126,5
DA:127,50
DA:128,5
DA:131,45
DA:133,45
DA:134,790350
DA:137,45
DA:144,5
DA:145,40
DA:146,20
DA:149,20
DA:152,5
DA:153,45
DA:189,5
LF:39
LH:39
BRDA:19,0,0,5
BRDA:19,0,1,175
BRDA:51,1,0,40
BRDA:51,1,1,40
BRDA:110,2,0,5
BRDA:110,2,1,10
BRDA:127,3,0,5
BRDA:127,3,1,45
BRDA:145,4,0,20
BRDA:145,4,1,20
BRDA:145,5,0,40
BRDA:145,5,1,20
BRF:12
BRH:12
end_of_record
TN:
SF:/app/src/node-buffer.ts
FN:8,(anonymous_6)
FN:11,NodeBuffer
FN:17,(anonymous_8)
FN:26,(anonymous_9)
FN:30,(anonymous_10)
FN:34,(anonymous_11)
FN:44,(anonymous_12)
FN:55,(anonymous_13)
FN:63,(anonymous_14)
FNF:9
FNH:9
FNDA:2,(anonymous_6)
FNDA:72,NodeBuffer
FNDA:2,(anonymous_8)
FNDA:32,(anonymous_9)
FNDA:166,(anonymous_10)
FNDA:316480,(anonymous_11)
FNDA:1106508,(anonymous_12)
FNDA:64,(anonymous_13)
FNDA:1106508,(anonymous_14)
DA:1,2
DA:8,2
DA:12,72
DA:13,70
DA:14,70
DA:17,2
DA:18,2
DA:19,2
DA:26,2
DA:27,32
DA:30,2
DA:31,166
DA:34,2
DA:35,316480
DA:44,2
DA:45,1106508
DA:46,1106492
DA:49,1106508
DA:50,1106508
DA:51,1106508
DA:52,1106508
DA:55,2
DA:56,64
DA:63,2
DA:64,1106508
DA:65,22
DA:66,22
DA:69,22
DA:70,22
DA:71,22
DA:74,2
LF:31
LH:31
BRDA:12,0,0,72
BRDA:12,0,1,70
BRDA:13,1,0,70
BRDA:13,1,1,6
BRDA:45,2,0,1106492
BRDA:45,2,1,16
BRDA:51,3,0,1106500
BRDA:51,3,1,8
BRDA:64,4,0,22
BRDA:64,4,1,1106486
BRDA:65,5,0,22
BRDA:65,5,1,0
BRF:12
BRH:11
end_of_record
TN:
SF:/app/src/string-array-buffer.ts
FN:6,(anonymous_6)
FN:9,StringArrayBuffer
FN:15,(anonymous_8)
FN:19,(anonymous_9)
FN:29,(anonymous_10)
FN:39,(anonymous_11)
FN:43,(anonymous_12)
FN:47,(anonymous_13)
FNF:8
FNH:8
FNDA:1,(anonymous_6)
FNDA:36,StringArrayBuffer
FNDA:1,(anonymous_8)
FNDA:16,(anonymous_9)
FNDA:553254,(anonymous_10)
FNDA:158157,(anonymous_11)
FNDA:83,(anonymous_12)
FNDA:32,(anonymous_13)
DA:1,1
DA:6,1
DA:10,36
DA:11,35
DA:12,35
DA:15,1
DA:16,1
DA:19,1
DA:20,16
DA:29,1
DA:30,553254
DA:31,553246
DA:34,553254
DA:35,553254
DA:36,553254
DA:39,1
DA:40,158157
DA:43,1
DA:44,83
DA:47,1
DA:48,32
DA:50,1
LF:22
LH:22
BRDA:10,0,0,36
BRDA:10,0,1,35
BRDA:11,1,0,35
BRDA:11,1,1,3
BRDA:30,2,0,553246
BRDA:30,2,1,8
BRDA:35,3,0,553250
BRDA:35,3,1,4
BRF:8
BRH:8
end_of_record
TN:
SF:/app/src/string-buffer.ts
FN:7,(anonymous_6)
FN:10,StringBuffer
FN:15,(anonymous_8)
FN:19,(anonymous_9)
FN:23,(anonymous_10)
FN:29,(anonymous_11)
FN:33,(anonymous_12)
FN:42,(anonymous_13)
FN:54,(anonymous_14)
FN:58,(anonymous_15)
FNF:10
FNH:10
FNDA:1,(anonymous_6)
FNDA:36,StringBuffer
FNDA:1,(anonymous_8)
FNDA:16,(anonymous_9)
FNDA:553250,(anonymous_10)
FNDA:83,(anonymous_11)
FNDA:158157,(anonymous_12)
FNDA:8,(anonymous_13)
FNDA:32,(anonymous_14)
FNDA:8,(anonymous_15)
DA:1,1
DA:7,1
DA:11,36
DA:12,35
DA:15,1
DA:16,1
DA:19,1
DA:20,16
DA:23,1
DA:24,553250
DA:25,553250
DA:26,553250
DA:29,1
DA:30,83
DA:33,1
DA:34,158157
DA:42,1
DA:43,8
DA:44,4
DA:47,4
DA:48,4
DA:49,4
DA:50,4
DA:51,4
DA:54,1
DA:55,32
DA:58,1
DA:59,8
DA:60,4
DA:62,1
LF:30
LH:30
BRDA:11,0,0,36
BRDA:11,0,1,35
BRDA:43,1,0,4
BRDA:43,1,1,4
BRDA:43,2,0,8
BRDA:43,2,1,8
BRF:6
BRH:6
end_of_record
TN:
SF:/app/src/typed-array-buffer.ts
FN:9,(anonymous_6)
FN:12,TypedArrayBuffer
FN:18,(anonymous_8)
FN:28,(anonymous_9)
FN:32,(anonymous_10)
FN:36,(anonymous_11)
FN:40,(anonymous_12)
FN:65,(anonymous_13)
FN:98,(anonymous_14)
FNF:9
FNH:9
FNDA:1,(anonymous_6)
FNDA:36,TypedArrayBuffer
FNDA:1,(anonymous_8)
FNDA:16,(anonymous_9)
FNDA:83,(anonymous_10)
FNDA:158240,(anonymous_11)
FNDA:553254,(anonymous_12)
FNDA:32,(anonymous_13)
FNDA:553254,(anonymous_14)
DA:1,1
DA:9,1
DA:13,36
DA:14,35
DA:15,35
DA:18,1
DA:19,1
DA:21,1
DA:28,1
DA:29,16
DA:32,1
DA:33,83
DA:36,1
DA:37,158240
DA:40,1
DA:41,553254
DA:42,553246
DA:45,553254
DA:46,553254
DA:47,553254
DA:48,553254
DA:65,1
DA:67,32
DA:68,32
DA:69,32
DA:70,32
DA:71,32
DA:73,32
DA:75,27
DA:78,5
DA:79,10
DA:80,10
DA:81,10
DA:82,5
DA:86,10
DA:89,5
DA:98,1
DA:99,553254
DA:100,11
DA:101,11
DA:104,11
DA:105,11
DA:106,11
DA:109,1
LF:44
LH:44
BRDA:13,0,0,36
BRDA:13,0,1,35
BRDA:14,1,0,35
BRDA:14,1,1,3
BRDA:41,2,0,553246
BRDA:41,2,1,8
BRDA:47,3,0,553250
BRDA:47,3,1,4
BRDA:73,4,0,27
BRDA:73,4,1,5
BRDA:81,5,0,5
BRDA:81,5,1,5
BRDA:99,6,0,11
BRDA:99,6,1,553243
BRDA:100,7,0,11
BRDA:100,7,1,0
BRF:16
BRH:15
end_of_record
